 
****************************************
Report : reference
Design : CHIP_TOP
Version: O-2018.06-SP1
Date   : Sat Nov 26 03:48:06 2022
****************************************

Attributes:
    b - black box (unknown)
   bo - allows boundary optimization
    d - dont_touch
   mo - map_only
    h - hierarchical
    n - noncombinational
    r - removable
    s - synthetic operator
    u - contains unmapped logic

Reference          Library       Unit Area   Count    Total Area   Attributes
-----------------------------------------------------------------------------
riscv_core_0                  930051.340109
                                                 1  930051.340109 b, h, n
-----------------------------------------------------------------------------
Total 1 references                                  930051.340109
1
