 
****************************************
Report : timing
        -path full
        -delay max
        -max_paths 1
Design : CHIP_TOP
Version: O-2018.06-SP1
Date   : Sat Nov 26 03:48:06 2022
****************************************

 # A fanout number of 1000 was used for high fanout net computations.

Operating Conditions: slow   Library: slow
Wire Load Model Mode: top

  Startpoint: u_riscv_core/led_test_reg
              (rising edge-triggered flip-flop clocked by sys_clk)
  Endpoint: led_test (output port clocked by sys_clk)
  Path Group: sys_clk
  Path Type: max

  Point                                                   Incr       Path
  --------------------------------------------------------------------------
  clock sys_clk (rise edge)                               0.00       0.00
  clock network delay (ideal)                             1.50       1.50
  u_riscv_core/led_test_reg/CK (DFFSX2)                   0.00 #     1.50 r
  u_riscv_core/led_test_reg/QN (DFFSX2)                   0.35       1.85 r
  u_riscv_core/U4/Y (CLKINVX40)                           0.50       2.36 f
  u_riscv_core/led_test (riscv_core_0)                    0.00       2.36 f
  led_test (out)                                          0.00       2.36 f
  data arrival time                                                  2.36

  clock sys_clk (rise edge)                              20.00      20.00
  clock network delay (ideal)                             1.50      21.50
  clock uncertainty                                      -1.00      20.50
  output external delay                                 -10.00      10.50
  data required time                                                10.50
  --------------------------------------------------------------------------
  data required time                                                10.50
  data arrival time                                                 -2.36
  --------------------------------------------------------------------------
  slack (MET)                                                        8.14


1
